1628029194.439744 client started (43060): version 3.2a, socket /private/tmp/tmux-501/default, protocol 8
1628029194.439809 on Darwin 21.0.0 Darwin Kernel Version 21.0.0: Thu Jul 22 19:52:32 PDT 2021; root:xnu-8019.0.72.141.3~2/RELEASE_ARM64_T8101
1628029194.440048 using libevent 2.1.12-stable (select); ncurses 6.2
1628029194.440076 flags are 0x10010000
1628029194.440085 socket is /private/tmp/tmux-501/default
1628029194.440103 trying connect
1628029194.440161 add peer 0x150048000: 6 (0x0)
1628029194.441827 sending message 100 to peer 0x150048000 (4 bytes)
1628029194.441841 sending message 111 to peer 0x150048000 (8 bytes)
1628029194.441850 sending message 101 to peer 0x150048000 (16 bytes)
1628029194.441857 sending message 109 to peer 0x150048000 (4 bytes)
1628029194.441865 sending message 102 to peer 0x150048000 (13 bytes)
1628029194.441872 sending message 108 to peer 0x150048000 (23 bytes)
1628029194.441880 sending message 112 to peer 0x150048000 (70 bytes)
1628029194.441887 sending message 112 to peer 0x150048000 (5 bytes)
1628029194.441894 sending message 112 to peer 0x150048000 (5 bytes)
1628029194.441901 sending message 112 to peer 0x150048000 (6 bytes)
1628029194.441908 sending message 112 to peer 0x150048000 (6 bytes)
1628029194.441915 sending message 112 to peer 0x150048000 (11 bytes)
1628029194.441922 sending message 112 to peer 0x150048000 (10 bytes)
1628029194.441930 sending message 112 to peer 0x150048000 (13 bytes)
1628029194.441937 sending message 112 to peer 0x150048000 (13 bytes)
1628029194.441944 sending message 112 to peer 0x150048000 (18 bytes)
1628029194.441951 sending message 112 to peer 0x150048000 (11 bytes)
1628029194.441958 sending message 112 to peer 0x150048000 (21 bytes)
1628029194.441965 sending message 112 to peer 0x150048000 (13 bytes)
1628029194.441972 sending message 112 to peer 0x150048000 (7 bytes)
1628029194.441980 sending message 112 to peer 0x150048000 (13 bytes)
1628029194.441987 sending message 112 to peer 0x150048000 (7 bytes)
1628029194.441994 sending message 112 to peer 0x150048000 (13 bytes)
1628029194.442001 sending message 112 to peer 0x150048000 (9 bytes)
1628029194.442008 sending message 112 to peer 0x150048000 (21 bytes)
1628029194.442015 sending message 112 to peer 0x150048000 (13 bytes)
1628029194.442022 sending message 112 to peer 0x150048000 (8 bytes)
1628029194.442029 sending message 112 to peer 0x150048000 (12 bytes)
1628029194.442036 sending message 112 to peer 0x150048000 (13 bytes)
1628029194.442043 sending message 112 to peer 0x150048000 (9 bytes)
1628029194.442050 sending message 112 to peer 0x150048000 (9 bytes)
1628029194.442057 sending message 112 to peer 0x150048000 (12 bytes)
1628029194.442064 sending message 112 to peer 0x150048000 (8 bytes)
1628029194.442071 sending message 112 to peer 0x150048000 (7 bytes)
1628029194.442078 sending message 112 to peer 0x150048000 (7 bytes)
1628029194.442086 sending message 112 to peer 0x150048000 (9 bytes)
1628029194.442093 sending message 112 to peer 0x150048000 (13 bytes)
1628029194.442100 sending message 112 to peer 0x150048000 (9 bytes)
1628029194.442107 sending message 112 to peer 0x150048000 (15 bytes)
1628029194.442114 sending message 112 to peer 0x150048000 (13 bytes)
1628029194.442121 sending message 112 to peer 0x150048000 (12 bytes)
1628029194.442128 sending message 112 to peer 0x150048000 (8 bytes)
1628029194.442135 sending message 112 to peer 0x150048000 (14 bytes)
1628029194.442143 sending message 112 to peer 0x150048000 (9 bytes)
1628029194.442150 sending message 112 to peer 0x150048000 (10 bytes)
1628029194.442157 sending message 112 to peer 0x150048000 (10 bytes)
1628029194.442164 sending message 112 to peer 0x150048000 (10 bytes)
1628029194.442171 sending message 112 to peer 0x150048000 (10 bytes)
1628029194.442178 sending message 112 to peer 0x150048000 (11 bytes)
1628029194.442185 sending message 112 to peer 0x150048000 (10 bytes)
1628029194.442192 sending message 112 to peer 0x150048000 (8 bytes)
1628029194.442199 sending message 112 to peer 0x150048000 (11 bytes)
1628029194.442206 sending message 112 to peer 0x150048000 (11 bytes)
1628029194.442224 sending message 112 to peer 0x150048000 (11 bytes)
1628029194.442229 sending message 112 to peer 0x150048000 (8 bytes)
1628029194.442234 sending message 112 to peer 0x150048000 (8 bytes)
1628029194.442238 sending message 112 to peer 0x150048000 (8 bytes)
1628029194.442242 sending message 112 to peer 0x150048000 (10 bytes)
1628029194.442247 sending message 112 to peer 0x150048000 (10 bytes)
1628029194.442251 sending message 112 to peer 0x150048000 (10 bytes)
1628029194.442256 sending message 112 to peer 0x150048000 (10 bytes)
1628029194.442260 sending message 112 to peer 0x150048000 (10 bytes)
1628029194.442264 sending message 112 to peer 0x150048000 (11 bytes)
1628029194.442268 sending message 112 to peer 0x150048000 (11 bytes)
1628029194.442272 sending message 112 to peer 0x150048000 (10 bytes)
1628029194.442277 sending message 112 to peer 0x150048000 (9 bytes)
1628029194.442281 sending message 112 to peer 0x150048000 (9 bytes)
1628029194.442285 sending message 112 to peer 0x150048000 (12 bytes)
1628029194.442290 sending message 112 to peer 0x150048000 (9 bytes)
1628029194.442294 sending message 112 to peer 0x150048000 (6 bytes)
1628029194.442298 sending message 112 to peer 0x150048000 (13 bytes)
1628029194.442303 sending message 112 to peer 0x150048000 (8 bytes)
1628029194.442307 sending message 112 to peer 0x150048000 (15 bytes)
1628029194.442312 sending message 112 to peer 0x150048000 (13 bytes)
1628029194.442316 sending message 112 to peer 0x150048000 (70 bytes)
1628029194.442320 sending message 112 to peer 0x150048000 (69 bytes)
1628029194.442325 sending message 112 to peer 0x150048000 (10 bytes)
1628029194.442329 sending message 112 to peer 0x150048000 (8 bytes)
1628029194.442333 sending message 112 to peer 0x150048000 (15 bytes)
1628029194.442337 sending message 112 to peer 0x150048000 (13 bytes)
1628029194.442342 sending message 112 to peer 0x150048000 (10 bytes)
1628029194.442346 sending message 112 to peer 0x150048000 (10 bytes)
1628029194.442350 sending message 112 to peer 0x150048000 (5 bytes)
1628029194.442354 sending message 112 to peer 0x150048000 (15 bytes)
1628029194.442361 sending message 104 to peer 0x150048000 (0 bytes)
1628029194.442366 sending message 110 to peer 0x150048000 (0 bytes)
1628029194.442371 sending message 107 to peer 0x150048000 (4 bytes)
1628029194.442375 sending message 105 to peer 0x150048000 (15 bytes)
1628029194.442380 sending message 105 to peer 0x150048000 (20 bytes)
1628029194.442384 sending message 105 to peer 0x150048000 (22 bytes)
1628029194.442389 sending message 105 to peer 0x150048000 (17 bytes)
1628029194.442393 sending message 105 to peer 0x150048000 (24 bytes)
1628029194.442397 sending message 105 to peer 0x150048000 (61 bytes)
1628029194.442402 sending message 105 to peer 0x150048000 (17 bytes)
1628029194.442406 sending message 105 to peer 0x150048000 (19 bytes)
1628029194.442410 sending message 105 to peer 0x150048000 (26 bytes)
1628029194.442414 sending message 105 to peer 0x150048000 (13 bytes)
1628029194.442419 sending message 105 to peer 0x150048000 (54 bytes)
1628029194.442423 sending message 105 to peer 0x150048000 (233 bytes)
1628029194.442428 sending message 105 to peer 0x150048000 (27 bytes)
1628029194.442432 sending message 105 to peer 0x150048000 (24 bytes)
1628029194.442436 sending message 105 to peer 0x150048000 (15 bytes)
1628029194.442441 sending message 105 to peer 0x150048000 (66 bytes)
1628029194.442445 sending message 105 to peer 0x150048000 (21 bytes)
1628029194.442449 sending message 105 to peer 0x150048000 (18 bytes)
1628029194.442453 sending message 105 to peer 0x150048000 (26 bytes)
1628029194.442458 sending message 105 to peer 0x150048000 (60 bytes)
1628029194.442462 sending message 105 to peer 0x150048000 (57 bytes)
1628029194.442466 sending message 105 to peer 0x150048000 (42 bytes)
1628029194.442470 sending message 105 to peer 0x150048000 (14 bytes)
1628029194.442475 sending message 105 to peer 0x150048000 (10 bytes)
1628029194.442479 sending message 105 to peer 0x150048000 (14 bytes)
1628029194.442483 sending message 105 to peer 0x150048000 (19 bytes)
1628029194.442498 sending message 105 to peer 0x150048000 (43 bytes)
1628029194.442502 sending message 105 to peer 0x150048000 (38 bytes)
1628029194.442506 sending message 105 to peer 0x150048000 (8 bytes)
1628029194.442511 sending message 105 to peer 0x150048000 (18 bytes)
1628029194.442515 sending message 105 to peer 0x150048000 (23 bytes)
1628029194.442519 sending message 105 to peer 0x150048000 (36 bytes)
1628029194.442523 sending message 105 to peer 0x150048000 (10 bytes)
1628029194.442528 sending message 105 to peer 0x150048000 (144 bytes)
1628029194.442532 sending message 105 to peer 0x150048000 (53 bytes)
1628029194.442537 sending message 105 to peer 0x150048000 (14 bytes)
1628029194.442541 sending message 105 to peer 0x150048000 (118 bytes)
1628029194.442545 sending message 105 to peer 0x150048000 (110 bytes)
1628029194.442550 sending message 105 to peer 0x150048000 (57 bytes)
1628029194.442554 sending message 105 to peer 0x150048000 (68 bytes)
1628029194.442558 sending message 105 to peer 0x150048000 (67 bytes)
1628029194.442563 sending message 105 to peer 0x150048000 (10 bytes)
1628029194.442567 sending message 105 to peer 0x150048000 (1278 bytes)
1628029194.442572 sending message 105 to peer 0x150048000 (30 bytes)
1628029194.442576 sending message 105 to peer 0x150048000 (17 bytes)
1628029194.442581 sending message 105 to peer 0x150048000 (21 bytes)
1628029194.442585 sending message 105 to peer 0x150048000 (46 bytes)
1628029194.442589 sending message 105 to peer 0x150048000 (47 bytes)
1628029194.442593 sending message 105 to peer 0x150048000 (21 bytes)
1628029194.442598 sending message 105 to peer 0x150048000 (46 bytes)
1628029194.442602 sending message 105 to peer 0x150048000 (33 bytes)
1628029194.442606 sending message 105 to peer 0x150048000 (41 bytes)
1628029194.442610 sending message 105 to peer 0x150048000 (37 bytes)
1628029194.442614 sending message 105 to peer 0x150048000 (21 bytes)
1628029194.442619 sending message 105 to peer 0x150048000 (42 bytes)
1628029194.442623 sending message 105 to peer 0x150048000 (38 bytes)
1628029194.442627 sending message 105 to peer 0x150048000 (35 bytes)
1628029194.442631 sending message 105 to peer 0x150048000 (84 bytes)
1628029194.442636 sending message 105 to peer 0x150048000 (25 bytes)
1628029194.442640 sending message 105 to peer 0x150048000 (52 bytes)
1628029194.442644 sending message 105 to peer 0x150048000 (69 bytes)
1628029194.442649 sending message 105 to peer 0x150048000 (17 bytes)
1628029194.442653 sending message 105 to peer 0x150048000 (19 bytes)
1628029194.442658 sending message 105 to peer 0x150048000 (1506 bytes)
1628029194.442662 sending message 105 to peer 0x150048000 (25 bytes)
1628029194.442666 sending message 105 to peer 0x150048000 (34 bytes)
1628029194.442671 sending message 105 to peer 0x150048000 (36 bytes)
1628029194.442675 sending message 105 to peer 0x150048000 (39 bytes)
1628029194.442679 sending message 105 to peer 0x150048000 (30 bytes)
1628029194.442683 sending message 105 to peer 0x150048000 (36 bytes)
1628029194.442688 sending message 106 to peer 0x150048000 (0 bytes)
1628029194.442722 sending message 200 to peer 0x150048000 (4 bytes)
1628029194.442727 client loop enter
1628029194.443008 peer 0x150048000 message 303
1628029194.443015 open write file 2 -
1628029194.443237 sending message 305 to peer 0x150048000 (8 bytes)
1628029194.443257 write check file 2
1628029194.443283 peer 0x150048000 message 304
1628029194.443289 write 58 to file 2
1628029194.443294 peer 0x150048000 message 203
1628029194.443299 file 2 58 bytes left
1628029194.443316 write check file 2
1628029194.443321 client loop exit
